File data/traffic_spreadsheet.csv uploaded to sky_traffic_data/traffic_spreadsheet.csv
LoadJob<project=canvas-radio-396115, location=EU, id=fc37ddec-7da3-4019-abdb-983699ac3cd7>
File data/traffic_spreadsheet.csv uploaded to sky_traffic_data/traffic_spreadsheet.csv
LoadJob<project=canvas-radio-396115, location=EU, id=29411013-dd29-45dd-8ae1-23d109673610>
File data/traffic_spreadsheet.csv uploaded to sky_traffic_data/traffic_spreadsheet.csv
LoadJob<project=canvas-radio-396115, location=EU, id=94450612-b131-4016-a853-1479bd9e345c>
File data/traffic_spreadsheet.csv uploaded to sky_traffic_data/traffic_spreadsheet.csv
LoadJob<project=canvas-radio-396115, location=EU, id=12c222a0-43e2-4416-85af-27b2dd07c5d1>
File data/traffic_spreadsheet.csv uploaded to sky_traffic_data/traffic_spreadsheet.csv
LoadJob<project=canvas-radio-396115, location=EU, id=a1069ac9-a4f1-4c58-8de1-41f98e0992a3>
File data/traffic_spreadsheet.csv uploaded to sky_traffic_data/traffic_spreadsheet.csv
LoadJob<project=canvas-radio-396115, location=EU, id=54f57d73-233e-4e4e-93ec-ee01e19cae4d>
File data/traffic_spreadsheet.csv uploaded to sky_traffic_data/traffic_spreadsheet.csv
LoadJob<project=canvas-radio-396115, location=EU, id=21145e08-4f19-46ce-9c4d-1b49f4c6eb0d>
File data/traffic_spreadsheet.csv uploaded to sky_traffic_data/traffic_spreadsheet.csv
LoadJob<project=canvas-radio-396115, location=EU, id=a25f2b37-d602-49c7-b05c-75c203e5704c>
File data/traffic_spreadsheet.csv uploaded to sky_traffic_data/traffic_spreadsheet.csv
LoadJob<project=canvas-radio-396115, location=EU, id=5d4706dd-eb79-4e94-b5fd-b22fe95d45f1>
File data/traffic_spreadsheet.csv uploaded to sky_traffic_data/traffic_spreadsheet.csv
LoadJob<project=canvas-radio-396115, location=EU, id=5c8d6a3f-e012-4e6d-9c4c-49ef9d2837cc>
File data/traffic_spreadsheet.csv uploaded to sky_traffic_data/traffic_spreadsheet.csv
LoadJob<project=canvas-radio-396115, location=EU, id=e2bfe450-ac69-4a56-bd8d-0a5a8d89d6eb>
File data/traffic_spreadsheet.csv uploaded to sky_traffic_data/traffic_spreadsheet.csv
LoadJob<project=canvas-radio-396115, location=EU, id=1b1233bf-554d-4bef-9800-a34354b1bd16>
File data/traffic_spreadsheet.csv uploaded to sky_traffic_data/traffic_spreadsheet.csv
LoadJob<project=canvas-radio-396115, location=EU, id=c9dc4e3c-2ebc-47be-bd21-f6bc0c81fd9b>
File data/traffic_spreadsheet.csv uploaded to sky_traffic_data/traffic_spreadsheet.csv
LoadJob<project=canvas-radio-396115, location=EU, id=f5ac5e70-9e23-479a-8d5b-8e3ccf0404f1>
File data/traffic_spreadsheet.csv uploaded to sky_traffic_data/traffic_spreadsheet.csv
LoadJob<project=canvas-radio-396115, location=EU, id=d76e681f-fb62-41c6-a43d-aec1ec0c3e1e>
File data/traffic_spreadsheet.csv uploaded to sky_traffic_data/traffic_spreadsheet.csv
LoadJob<project=canvas-radio-396115, location=EU, id=64442119-43c1-428f-8d86-e57a6a32b2ce>
File data/traffic_spreadsheet.csv uploaded to sky_traffic_data/traffic_spreadsheet.csv
Traceback (most recent call last):
  File "/Users/josephgill/github/sky-task-1/task-1.py", line 59, in <module>
    print(load_job.result())
  File "/Users/josephgill/github/sky-task-1/venv-task-1/lib/python3.9/site-packages/google/cloud/bigquery/job/base.py", line 922, in result
    return super(_AsyncJob, self).result(timeout=timeout, **kwargs)
  File "/Users/josephgill/github/sky-task-1/venv-task-1/lib/python3.9/site-packages/google/api_core/future/polling.py", line 261, in result
    raise self._exception
google.api_core.exceptions.BadRequest: 400 Error while reading data, error message: CSV table references column position 2, but line starting at position:0 contains only 2 columns. File: gs://sky_traffic_data/traffic_spreadsheet.csv
File data/traffic_spreadsheet.csv uploaded to sky_traffic_data/traffic_spreadsheet.csv
Traceback (most recent call last):
  File "/Users/josephgill/github/sky-task-1/task-1.py", line 59, in <module>
    print(load_job.result())
  File "/Users/josephgill/github/sky-task-1/venv-task-1/lib/python3.9/site-packages/google/cloud/bigquery/job/base.py", line 922, in result
    return super(_AsyncJob, self).result(timeout=timeout, **kwargs)
  File "/Users/josephgill/github/sky-task-1/venv-task-1/lib/python3.9/site-packages/google/api_core/future/polling.py", line 261, in result
    raise self._exception
google.api_core.exceptions.BadRequest: 400 Error while reading data, error message: CSV table references column position 2, but line starting at position:0 contains only 2 columns. File: gs://sky_traffic_data/traffic_spreadsheet.csv
File data/traffic_spreadsheet.csv uploaded to sky_traffic_data/traffic_spreadsheet.csv
Traceback (most recent call last):
  File "/Users/josephgill/github/sky-task-1/task-1.py", line 59, in <module>
    print(load_job.result())
  File "/Users/josephgill/github/sky-task-1/venv-task-1/lib/python3.9/site-packages/google/cloud/bigquery/job/base.py", line 922, in result
    return super(_AsyncJob, self).result(timeout=timeout, **kwargs)
  File "/Users/josephgill/github/sky-task-1/venv-task-1/lib/python3.9/site-packages/google/api_core/future/polling.py", line 261, in result
    raise self._exception
google.api_core.exceptions.BadRequest: 400 Error while reading data, error message: CSV table references column position 2, but line starting at position:0 contains only 2 columns. File: gs://sky_traffic_data/traffic_spreadsheet.csv
File data/traffic_spreadsheet.csv uploaded to sky_traffic_data/traffic_spreadsheet_23-08-21 15:34.csv
LoadJob<project=canvas-radio-396115, location=EU, id=e573675d-8177-46fd-bf9f-259c5163b7fa>
File data/traffic_spreadsheet.csv uploaded to sky_traffic_data/traffic_spreadsheet_23-08-21 15:35.csv
LoadJob<project=canvas-radio-396115, location=EU, id=763d3db7-829a-4fe1-b3d6-506dd056a257>
File data/traffic_spreadsheet.csv uploaded to sky_traffic_data/traffic_spreadsheet_23-08-21 15:36.csv
LoadJob<project=canvas-radio-396115, location=EU, id=9137a7ef-7e02-442f-ab8a-9a51b97b7997>
File data/traffic_spreadsheet.csv uploaded to sky_traffic_data/traffic_spreadsheet_23-08-21 15:37.csv
LoadJob<project=canvas-radio-396115, location=EU, id=41cb25df-516e-4391-98a5-2a90a7843a8f>
File data/traffic_spreadsheet.csv uploaded to sky_traffic_data/traffic_spreadsheet_23-08-21 15:38.csv
LoadJob<project=canvas-radio-396115, location=EU, id=9900c52d-2399-48df-81be-ef45c6d4e558>
File data/traffic_spreadsheet.csv uploaded to sky_traffic_data/traffic_spreadsheet_23-08-21 15:39.csv
LoadJob<project=canvas-radio-396115, location=EU, id=f32bc73d-53c5-4b4e-a5ba-d26584484492>
File data/traffic_spreadsheet.csv uploaded to sky_traffic_data/traffic_spreadsheet_23-08-21 15:40.csv
LoadJob<project=canvas-radio-396115, location=EU, id=b021ee30-99fc-42b0-ad73-bc8f54fa5a8f>
File data/traffic_spreadsheet.csv uploaded to sky_traffic_data/traffic_spreadsheet_23-08-21 15:41.csv
LoadJob<project=canvas-radio-396115, location=EU, id=3a2da1db-8332-4b83-a76e-d42d7e5ce3da>
File data/traffic_spreadsheet.csv uploaded to sky_traffic_data/traffic_spreadsheet_23-08-21 15:42.csv
LoadJob<project=canvas-radio-396115, location=EU, id=637a4798-10e4-436d-9f09-54305fd064d5>
File data/traffic_spreadsheet.csv uploaded to sky_traffic_data/traffic_spreadsheet_23-08-21 15:43.csv
LoadJob<project=canvas-radio-396115, location=EU, id=4b5ea241-8db2-4094-8428-84a3b3b2667c>
File data/traffic_spreadsheet.csv uploaded to sky_traffic_data/traffic_spreadsheet_23-08-21 15:44.csv
LoadJob<project=canvas-radio-396115, location=EU, id=d2792f9b-2a85-47e0-8595-bc6502cee56a>
File data/traffic_spreadsheet.csv uploaded to sky_traffic_data/traffic_spreadsheet_23-08-21 15:45.csv
LoadJob<project=canvas-radio-396115, location=EU, id=76b6e862-4524-4e70-96f3-c3600f39148c>
File data/traffic_spreadsheet.csv uploaded to sky_traffic_data/traffic_spreadsheet_23-08-21 15:46.csv
LoadJob<project=canvas-radio-396115, location=EU, id=0f97e6b5-1f5a-46d1-a592-d43107c1d03c>
File data/traffic_spreadsheet.csv uploaded to sky_traffic_data/traffic_spreadsheet_23-08-21 15:47.csv
LoadJob<project=canvas-radio-396115, location=EU, id=f1ab4985-1757-48df-8e07-0b111abe7c6c>
File data/traffic_spreadsheet.csv uploaded to sky_traffic_data/traffic_spreadsheet_23-08-21 15:48.csv
LoadJob<project=canvas-radio-396115, location=EU, id=076ec655-db1c-4120-8543-b63fdfa17f40>
File data/traffic_spreadsheet.csv uploaded to sky_traffic_data/traffic_spreadsheet_23-08-21 15:49.csv
LoadJob<project=canvas-radio-396115, location=EU, id=69e218f3-c263-4083-9b90-cd32796f82cb>
File data/traffic_spreadsheet.csv uploaded to sky_traffic_data/traffic_spreadsheet_23-08-21 15:50.csv
LoadJob<project=canvas-radio-396115, location=EU, id=d73b2407-a02b-49df-8d7f-45c6230ba765>
File data/traffic_spreadsheet.csv uploaded to sky_traffic_data/traffic_spreadsheet_23-08-21 15:51.csv
LoadJob<project=canvas-radio-396115, location=EU, id=cb30b887-9a36-44b5-b69a-d792ec42acf1>
File data/traffic_spreadsheet.csv uploaded to sky_traffic_data/traffic_spreadsheet_23-08-21 15:52.csv
LoadJob<project=canvas-radio-396115, location=EU, id=a7d426a9-021b-4bdd-abe6-950e1f6e25ab>
File data/traffic_spreadsheet.csv uploaded to sky_traffic_data/traffic_spreadsheet_23-08-21 15:53.csv
LoadJob<project=canvas-radio-396115, location=EU, id=4b65a23f-043f-4b4d-ad25-030b4d4d287f>
File data/traffic_spreadsheet.csv uploaded to sky_traffic_data/traffic_spreadsheet_23-08-21 15:54.csv
LoadJob<project=canvas-radio-396115, location=EU, id=b04bf96a-9784-4ed2-ba8c-ca91ff5ecaa5>
File data/traffic_spreadsheet.csv uploaded to sky_traffic_data/traffic_spreadsheet_23-08-21 15:55.csv
LoadJob<project=canvas-radio-396115, location=EU, id=26b338fe-f2a8-4c66-a7c0-1ec4a3928254>
File data/traffic_spreadsheet.csv uploaded to sky_traffic_data/traffic_spreadsheet_23-08-21 15:56.csv
LoadJob<project=canvas-radio-396115, location=EU, id=418435da-aced-4287-9a1c-e788df84bd2a>
File data/traffic_spreadsheet.csv uploaded to sky_traffic_data/traffic_spreadsheet_23-08-21 15:57.csv
LoadJob<project=canvas-radio-396115, location=EU, id=08d22d0c-aa68-4e46-a568-7f0722d6cb30>
File data/traffic_spreadsheet.csv uploaded to sky_traffic_data/traffic_spreadsheet_23-08-21 15:58.csv
LoadJob<project=canvas-radio-396115, location=EU, id=026d9107-cbc5-41d3-a44b-6c757baf4734>
File data/traffic_spreadsheet.csv uploaded to sky_traffic_data/traffic_spreadsheet_23-08-21 15:59.csv
LoadJob<project=canvas-radio-396115, location=EU, id=3071dd4b-83e9-41b3-904c-876d3f1f4e16>
File data/traffic_spreadsheet.csv uploaded to sky_traffic_data/traffic_spreadsheet_23-08-21 16:00.csv
LoadJob<project=canvas-radio-396115, location=EU, id=f0c833ad-1468-4f7a-9a08-cf882a01dd10>
